This is XeTeX, Version 3.14159265-2.6-0.99999 (TeX Live 2018) (preloaded format=xelatex 2018.4.16)  1 FEB 2019 15:22
entering extended mode
 restricted \write18 enabled.
 %&-line parsing enabled.
**main.tex
(./main.tex
LaTeX2e <2018-04-01> patch level 2
Babel <3.18> and hyphenation patterns for 84 language(s) loaded.
(/usr/local/texlive/2018/texmf-dist/tex/latex/base/article.cls
Document Class: article 2014/09/29 v1.4h Standard LaTeX document class
(/usr/local/texlive/2018/texmf-dist/tex/latex/base/size10.clo
File: size10.clo 2014/09/29 v1.4h Standard LaTeX file (size option)
)
\c@part=\count80
\c@section=\count81
\c@subsection=\count82
\c@subsubsection=\count83
\c@paragraph=\count84
\c@subparagraph=\count85
\c@figure=\count86
\c@table=\count87
\abovecaptionskip=\skip41
\belowcaptionskip=\skip42
\bibindent=\dimen102
)
(/usr/local/texlive/2018/texmf-dist/tex/latex/musixtex/musixtex.sty
(/usr/local/texlive/2018/texmf-dist/tex/generic/musixtex/musixtex.tex
MusiXTeX(c) 1.27 <2017-12-26>
\n@i=\count88
\n@ii=\count89
\n@iii=\count90
\n@iv=\count91
\n@v=\count92
\n@vi=\count93
\n@vii=\count94
\n@viii=\count95
\count@=\count96
\toks@box=\box26
\w@rkbox=\box27
\n@otebox=\box28
\y@=\dimen103
\y@i=\dimen104
\y@ii=\dimen105
\y@iii=\dimen106
\y@iv=\dimen107
\y@v=\dimen108
\group@no=\count97
\interinstrument=\dimen109
\N@s=\count98
\s@Y=\dimen110
\lin@pos=\dimen111
\meet@minus@n@iv=\count99
\interbeam=\dimen112
\b@amthick=\dimen113
\Interligne=\dimen114
\Internote=\dimen115
\ch@box=\box29
\musicsize=\count100
\qd@skip=\dimen116
\qn@width=\dimen117
\wn@width=\dimen118
\txt@ff=\skip43
\s@indent=\skip44
\big@spc=\skip45
\lthick=\dimen119
\afterruleskip=\skip46
\staffbotmarg=\dimen120
\stafftopmarg=\dimen121
\line@width=\dimen122
\interportee=\dimen123
\noport@@=\count101
\noinstrum@nt=\count102
\altportee=\dimen124
\systemheight=\dimen125
\altplancher=\dimen126
\instrum@in@group=\skip47
\boxitsep=\skip48
\barsinpi@c@=\count103
\barno=\count104
\startbarno=\count105
\sign@skip=\dimen127
\maxsign@skip=\dimen128
\x@skip=\dimen129
\n@skip=\dimen130
\beforeruleskip=\skip49
\widthtyp@=\count106
\lastbarno=\count107
\cut@v=\skip50
\init@volta@pos=\skip51
\volta@startcor=\skip52
\volta@endcor=\skip53
\writ@volta@box=\box30
\barsinlin@=\count108
\maxbarsinlin@=\count109
\lastbarpos=\skip54
\ut@ref=\count110
\meterskip=\skip55
\t@c=\toks14
\clef@skip=\skip56
\noteskip=\dimen131
\transpose=\count111
\normaltranspose=\count112
\locx@skip=\dimen132
\elemskip=\dimen133
\@l@mskip=\dimen134
\inh@alt=\count113
\st@bot=\dimen135
\st@top=\dimen136
\stem@skip=\dimen137
\s@lope=\dimen138
\y@vi=\dimen139
\lift@rest=\dimen140
\accshift=\skip57
\@icresc=\skip58
\pdl@pos=\dimen141
\bigwedgebox=\box31
\@itrillei=\skip59
\@itrilleii=\skip60
\@itrilleiii=\skip61
\@itrilleiv=\skip62
\@itrillev=\skip63
\@itrillevi=\skip64
\tr@number=\count114
\tr@nspose=\count115
\o@swz=\toks15
\o@number=\count116
\y@vii=\dimen142
\y@viii=\dimen143
\y@ix=\dimen144
\tuptxtb@x=\box32
\notes@open=\count117
\k@ii=\skip65
\i@ni=\dimen145
\b@xi=\dimen146
\b@zi=\dimen147
\c@xi=\dimen148
\c@zi=\skip66
\d@xi=\dimen149
\d@zi=\skip67
\e@xi=\dimen150
\e@zi=\skip68
\b@pi=\count118
\b@ni=\count119
\n@pi=\count120
\a@si=\count121
\o@si=\count122
\a@ci=\toks16
\o@ci=\toks17
\m@ti=\toks18
\k@iii=\skip69
\i@nii=\dimen151
\b@xii=\dimen152
\b@zii=\dimen153
\c@xii=\dimen154
\c@zii=\skip70
\d@xii=\dimen155
\d@zii=\skip71
\e@xii=\dimen156
\e@zii=\skip72
\b@pii=\count123
\b@nii=\count124
\n@pii=\count125
\a@sii=\count126
\o@sii=\count127
\a@cii=\toks19
\o@cii=\toks20
\m@tii=\toks21
\k@iiii=\skip73
\i@niii=\dimen157
\b@xiii=\dimen158
\b@ziii=\dimen159
\c@xiii=\dimen160
\c@ziii=\skip74
\d@xiii=\dimen161
\d@ziii=\skip75
\e@xiii=\dimen162
\e@ziii=\skip76
\b@piii=\count128
\b@niii=\count129
\n@piii=\count130
\a@siii=\count131
\o@siii=\count132
\a@ciii=\toks22
\o@ciii=\toks23
\m@tiii=\toks24
\k@iiv=\skip77
\i@niv=\dimen163
\b@xiv=\dimen164
\b@ziv=\dimen165
\c@xiv=\dimen166
\c@ziv=\skip78
\d@xiv=\dimen167
\d@ziv=\skip79
\e@xiv=\dimen168
\e@ziv=\skip80
\b@piv=\count133
\b@niv=\count134
\n@piv=\count135
\a@siv=\count136
\o@siv=\count137
\a@civ=\toks25
\o@civ=\toks26
\m@tiv=\toks27
\k@iv=\skip81
\i@nv=\dimen169
\b@xv=\dimen170
\b@zv=\dimen171
\c@xv=\dimen172
\c@zv=\skip82
\d@xv=\dimen173
\d@zv=\skip83
\e@xv=\dimen174
\e@zv=\skip84
\b@pv=\count138
\b@nv=\count139
\n@pv=\count140
\a@sv=\count141
\o@sv=\count142
\a@cv=\toks28
\o@cv=\toks29
\m@tv=\toks30
\k@ivi=\skip85
\i@nvi=\dimen175
\b@xvi=\dimen176
\b@zvi=\dimen177
\c@xvi=\dimen178
\c@zvi=\skip86
\d@xvi=\dimen179
\d@zvi=\skip87
\e@xvi=\dimen180
\e@zvi=\skip88
\b@pvi=\count143
\b@nvi=\count144
\n@pvi=\count145
\a@svi=\count146
\o@svi=\count147
\a@cvi=\toks31
\o@cvi=\toks32
\m@tvi=\toks33
maxinstruments=6
\f@xi=\dimen181
\f@zi=\skip89
\f@xii=\dimen182
\f@zii=\skip90
\f@xiii=\dimen183
\f@ziii=\skip91
\f@xiv=\dimen184
\f@ziv=\skip92
\f@xv=\dimen185
\f@zv=\skip93
\f@xvi=\dimen186
\f@zvi=\skip94
 max128beams=6
\g@bi=\skip95
\g@hi=\skip96
\g@bii=\skip97
\g@hii=\skip98
\g@biii=\skip99
\g@hiii=\skip100
 maxgroups=3
\s@xi=\dimen187
\s@si=\toks34
\s@Yi=\dimen188
\s@ai=\skip101
\s@yi=\count148
\s@Ni=\count149
\s@zi=\count150
\s@di=\toks35
\s@xii=\dimen189
\s@sii=\toks36
\s@Yii=\dimen190
\s@aii=\skip102
\s@yii=\count151
\s@Nii=\count152
\s@zii=\count153
\s@dii=\toks37
\s@xiii=\dimen191
\s@siii=\toks38
\s@Yiii=\dimen192
\s@aiii=\skip103
\s@yiii=\count154
\s@Niii=\count155
\s@ziii=\count156
\s@diii=\toks39
\s@xiv=\dimen193
\s@siv=\toks40
\s@Yiv=\dimen194
\s@aiv=\skip104
\s@yiv=\count157
\s@Niv=\count158
\s@ziv=\count159
\s@div=\toks41
\s@xv=\dimen195
\s@sv=\toks42
\s@Yv=\dimen196
\s@av=\skip105
\s@yv=\count160
\s@Nv=\count161
\s@zv=\count162
\s@dv=\toks43
\s@xvi=\dimen197
\s@svi=\toks44
\s@Yvi=\dimen198
\s@avi=\skip106
\s@yvi=\count163
\s@Nvi=\count164
\s@zvi=\count165
\s@dvi=\toks45
 maxslurs=6
\tr@xi=\skip107
\tr@swi=\toks46
\tr@yi=\skip108
\tr@xii=\skip109
\tr@swii=\toks47
\tr@yii=\skip110
\tr@xiii=\skip111
\tr@swiii=\toks48
\tr@yiii=\skip112
\tr@xiv=\skip113
\tr@swiv=\toks49
\tr@yiv=\skip114
\tr@xv=\skip115
\tr@swv=\toks50
\tr@yv=\skip116
\tr@xvi=\skip117
\tr@swvi=\toks51
\tr@yvi=\skip118
 maxtrills=6
\o@xi=\skip119
\o@yi=\skip120
\o@swi=\toks52
\o@xii=\skip121
\o@yii=\skip122
\o@swii=\toks53
\o@xiii=\skip123
\o@yiii=\skip124
\o@swiii=\toks54
\o@xiv=\skip125
\o@yiv=\skip126
\o@swiv=\toks55
\o@xv=\skip127
\o@yv=\skip128
\o@swv=\toks56
\o@xvi=\skip129
\o@yvi=\skip130
\o@swvi=\toks57

maxoctlines=6
\outmux=\write3
\mulooseness=\count166
\linegoal=\count167
\l@eftrightbox=\box33
\inmux=\read1
)
(/usr/local/texlive/2018/texmf-dist/tex/latex/musixtex/musixltx.tex
MusiXLaTeX T.125 <8 April 2017>
)) (/usr/local/texlive/2018/texmf-dist/tex/latex/amsfonts/amsfonts.sty
Package: amsfonts 2013/01/14 v3.01 Basic AMSFonts support
\@emptytoks=\toks58
\symAMSa=\mathgroup4
\symAMSb=\mathgroup5
LaTeX Font Info:    Overwriting math alphabet `\mathfrak' in version `bold'
(Font)                  U/euf/m/n --> U/euf/b/n on input line 106.
)
(/usr/local/texlive/2018/texmf-dist/tex/latex/cjk/texinput/CJK.sty
Package: CJK 2015/04/18 4.8.4

(/usr/local/texlive/2018/texmf-dist/tex/latex/cjk/texinput/mule/MULEenc.sty
Package: MULEenc 2015/04/18 4.8.4
)
(/usr/local/texlive/2018/texmf-dist/tex/latex/cjk/texinput/CJK.enc
File: CJK.enc 2015/04/18 4.8.4
)
LaTeX Info: Redefining \selectfont on input line 755.
\CJK@indent=\box34
)
(./main.aux)
\openout1 = `main.aux'.

LaTeX Font Info:    Checking defaults for OML/cmm/m/it on input line 5.
LaTeX Font Info:    ... okay on input line 5.
LaTeX Font Info:    Checking defaults for T1/cmr/m/n on input line 5.
LaTeX Font Info:    ... okay on input line 5.
LaTeX Font Info:    Checking defaults for OT1/cmr/m/n on input line 5.
LaTeX Font Info:    ... okay on input line 5.
LaTeX Font Info:    Checking defaults for OMS/cmsy/m/n on input line 5.
LaTeX Font Info:    ... okay on input line 5.
LaTeX Font Info:    Checking defaults for TU/lmr/m/n on input line 5.
LaTeX Font Info:    ... okay on input line 5.
LaTeX Font Info:    Checking defaults for OMX/cmex/m/n on input line 5.
LaTeX Font Info:    ... okay on input line 5.
LaTeX Font Info:    Checking defaults for U/cmr/m/n on input line 5.
LaTeX Font Info:    ... okay on input line 5.
LaTeX Font Info:    Checking defaults for C00/song/m/n on input line 5.
LaTeX Font Info:    ... okay on input line 5.
LaTeX Font Info:    Checking defaults for C05/song/m/n on input line 5.
LaTeX Font Info:    ... okay on input line 5.
LaTeX Font Info:    Checking defaults for C09/song/m/n on input line 5.
LaTeX Font Info:    ... okay on input line 5.
LaTeX Font Info:    Checking defaults for C10/song/m/n on input line 5.
LaTeX Font Info:    ... okay on input line 5.
LaTeX Font Info:    Checking defaults for C20/song/m/n on input line 5.
LaTeX Font Info:    ... okay on input line 5.
LaTeX Font Info:    Checking defaults for C19/song/m/n on input line 5.
LaTeX Font Info:    ... okay on input line 5.
LaTeX Font Info:    Checking defaults for C40/song/m/n on input line 5.
LaTeX Font Info:    ... okay on input line 5.
LaTeX Font Info:    Checking defaults for C42/song/m/n on input line 5.
LaTeX Font Info:    ... okay on input line 5.
LaTeX Font Info:    Checking defaults for C43/song/m/n on input line 5.
LaTeX Font Info:    ... okay on input line 5.
LaTeX Font Info:    Checking defaults for C50/song/m/n on input line 5.
LaTeX Font Info:    ... okay on input line 5.
LaTeX Font Info:    Checking defaults for C52/song/m/n on input line 5.
LaTeX Font Info:    ... okay on input line 5.
LaTeX Font Info:    Checking defaults for C49/song/m/n on input line 5.
LaTeX Font Info:    ... okay on input line 5.
LaTeX Font Info:    Checking defaults for C60/mj/m/n on input line 5.
LaTeX Font Info:    ... okay on input line 5.
LaTeX Font Info:    Checking defaults for C61/mj/m/n on input line 5.
LaTeX Font Info:    ... okay on input line 5.
LaTeX Font Info:    Checking defaults for C63/mj/m/n on input line 5.
LaTeX Font Info:    ... okay on input line 5.
LaTeX Font Info:    Checking defaults for C64/mj/m/n on input line 5.
LaTeX Font Info:    ... okay on input line 5.
LaTeX Font Info:    Checking defaults for C65/mj/m/n on input line 5.
LaTeX Font Info:    ... okay on input line 5.
LaTeX Font Info:    Checking defaults for C70/song/m/n on input line 5.
LaTeX Font Info:    ... okay on input line 5.
LaTeX Font Info:    Checking defaults for C31/song/m/n on input line 5.
LaTeX Font Info:    ... okay on input line 5.
LaTeX Font Info:    Checking defaults for C32/song/m/n on input line 5.
LaTeX Font Info:    ... okay on input line 5.
LaTeX Font Info:    Checking defaults for C33/song/m/n on input line 5.
LaTeX Font Info:    ... okay on input line 5.
LaTeX Font Info:    Checking defaults for C34/song/m/n on input line 5.
LaTeX Font Info:    ... okay on input line 5.
LaTeX Font Info:    Checking defaults for C35/song/m/n on input line 5.
LaTeX Font Info:    ... okay on input line 5.
LaTeX Font Info:    Checking defaults for C36/song/m/n on input line 5.
LaTeX Font Info:    ... okay on input line 5.
LaTeX Font Info:    Checking defaults for C37/song/m/n on input line 5.
LaTeX Font Info:    ... okay on input line 5.
LaTeX Font Info:    Checking defaults for C80/song/m/n on input line 5.
LaTeX Font Info:    ... okay on input line 5.
LaTeX Font Info:    Checking defaults for C81/song/m/n on input line 5.
LaTeX Font Info:    ... okay on input line 5.
LaTeX Font Info:    Checking defaults for C01/song/m/n on input line 5.
LaTeX Font Info:    ... okay on input line 5.
LaTeX Font Info:    Checking defaults for C11/song/m/n on input line 5.
LaTeX Font Info:    ... okay on input line 5.
LaTeX Font Info:    Checking defaults for C21/song/m/n on input line 5.
LaTeX Font Info:    ... okay on input line 5.
LaTeX Font Info:    Checking defaults for C41/song/m/n on input line 5.
LaTeX Font Info:    ... okay on input line 5.
LaTeX Font Info:    Checking defaults for C62/song/m/n on input line 5.
LaTeX Font Info:    ... okay on input line 5.
\openout3 = `main.mx1'.

 bar 1 [1

] (./main.aux) ) 
Here is how much of TeX's memory you used:
 3084 strings out of 492970
 26576 string characters out of 6133938
 98882 words of memory out of 5000000
 7064 multiletter control sequences out of 15000+600000
 39179 words of font info for 139 fonts, out of 8000000 for 9000
 1348 hyphenation exceptions out of 8191
 22i,4n,25p,188b,281s stack positions out of 5000i,500n,10000p,200000b,80000s

Output written on main.pdf (1 page).
